INFO:root:File 'sensitive.txt' encrypted successfully.
INFO:root:File 'sensitive.txt' encrypted successfully.
INFO:root:File 'sensitive.txt' decrypted successfully.
INFO:root:File 'sen.txt' encrypted successfully.
INFO:root:File 'sen.txt' encrypted successfully.
WARNING:root:File 'sen.txt' is already decrypted. Skipping decryption.
INFO:root:File 'sen.txt' encrypted successfully.
INFO:root:File 'sen.txt' decrypted successfully.
INFO:root:File 'sen.txt' encrypted successfully.
INFO:root:File 'sen.txt' encrypted successfully.
INFO:root:File 'sen.txt' decrypted successfully.
ERROR:root:Error: File 'sen.tx' not found.
INFO:root:File 'sen.txt' decrypted successfully.
INFO:root:File 'sen.txt' encrypted successfully.
INFO:root:File 'sen.txt' encrypted successfully.
INFO:root:File 'sen.txt' encrypted successfully.
INFO:root:File 'sen.txt' decrypted successfully.
INFO:root:File 'sen.txt' decrypted successfully.
INFO:root:File 'sen.txt' decrypted successfully.
INFO:root:File 'sen.txt' encrypted successfully.
INFO:root:File 'sen.txt' decrypted successfully.
INFO:root:File 'sen.txt' encrypted successfully.
INFO:root:File 'sen.txt' decrypted successfully.
INFO:root:File 'sen.txt' encrypted successfully.
INFO:root:File 'sen.txt' decrypted successfully.
INFO:root:File 'sen.txt' encrypted successfully.
INFO:root:File 'sen.txt' decrypted successfully.
INFO:root:File 'sen.txt' encrypted successfully.
INFO:root:File 'sen.txt' decrypted successfully.
INFO:root:File 'sen.txt' encrypted successfully.
INFO:root:File 's.txt' encrypted successfully.
INFO:root:File 's.txt' decrypted successfully.
INFO:root:Key file 'key.key' deleted.
INFO:root:File 's.txt' encrypted successfully.
INFO:root:File 's.txt' decrypted successfully.
INFO:root:Key file 'key.key' deleted.
INFO:root:File 's.txt' encrypted successfully.
INFO:root:File 's.txt' encrypted successfully.
INFO:root:File 's.txt' encrypted successfully.
INFO:root:File 's.txt' decrypted successfully.
INFO:root:Password file 's.txt.pwd' deleted.
INFO:root:File 's.txt' encrypted successfully.
INFO:root:File 's.txt' encrypted successfully.
INFO:root:File 's.txt' encrypted successfully.
INFO:root:File 's.txt' decrypted successfully.
INFO:root:Password file 's.txt.pwd' deleted.
INFO:root:Key file 's.txt.key' deleted.
INFO:root:File 's.txt' encrypted successfully.
INFO:root:File 's.txt' decrypted successfully.
INFO:root:File 's.txt' encrypted successfully.
INFO:root:File 's.txt' decrypted successfully.
ERROR:root:Error: File 's' not found.
INFO:root:File 's.txt' encrypted successfully.
INFO:root:File 's.txt' decrypted successfully.
INFO:root:File 's.txt' encrypted successfully.
INFO:root:File 's.txt' decrypted successfully.
INFO:root:File 's.txt' encrypted successfully.
INFO:root:File 's.txt' decrypted successfully.
INFO:root:File 's.txt' encrypted successfully.
INFO:root:File 's.txt' decrypted successfully.
INFO:root:File 's.txt' encrypted successfully.
INFO:root:File 's.txt' decrypted successfully.
